  PongGame.cpp
D:\PongGame\Game.h(70,29): warning C4305: 'initializing': truncation from 'double' to 'float'
  (compiling source file 'PongGame.cpp')
  
D:\PongGame\PongGame.cpp(84,64): warning C4244: 'argument': conversion from 'T' to 'float', possible loss of data
D:\PongGame\PongGame.cpp(84,64): warning C4244:         with
D:\PongGame\PongGame.cpp(84,64): warning C4244:         [
D:\PongGame\PongGame.cpp(84,64): warning C4244:             T=unsigned int
D:\PongGame\PongGame.cpp(84,64): warning C4244:         ]
D:\PongGame\PongGame.cpp(84,40): warning C4244: 'argument': conversion from 'T' to 'float', possible loss of data
D:\PongGame\PongGame.cpp(84,40): warning C4244:         with
D:\PongGame\PongGame.cpp(84,40): warning C4244:         [
D:\PongGame\PongGame.cpp(84,40): warning C4244:             T=unsigned int
D:\PongGame\PongGame.cpp(84,40): warning C4244:         ]
D:\PongGame\PongGame.cpp(85,22): warning C4305: '=': truncation from 'double' to 'T'
D:\PongGame\PongGame.cpp(85,22): warning C4305:         with
D:\PongGame\PongGame.cpp(85,22): warning C4305:         [
D:\PongGame\PongGame.cpp(85,22): warning C4305:             T=float
D:\PongGame\PongGame.cpp(85,22): warning C4305:         ]
D:\PongGame\PongGame.cpp(86,22): warning C4305: '=': truncation from 'double' to 'T'
D:\PongGame\PongGame.cpp(86,22): warning C4305:         with
D:\PongGame\PongGame.cpp(86,22): warning C4305:         [
D:\PongGame\PongGame.cpp(86,22): warning C4305:             T=float
D:\PongGame\PongGame.cpp(86,22): warning C4305:         ]
D:\PongGame\PongGame.cpp(264,42): warning C4244: 'argument': conversion from 'double' to 'float', possible loss of data
D:\PongGame\PongGame.cpp(382,62): warning C4244: 'argument': conversion from 'T' to 'float', possible loss of data
D:\PongGame\PongGame.cpp(382,62): warning C4244:         with
D:\PongGame\PongGame.cpp(382,62): warning C4244:         [
D:\PongGame\PongGame.cpp(382,62): warning C4244:             T=unsigned int
D:\PongGame\PongGame.cpp(382,62): warning C4244:         ]
D:\PongGame\PongGame.cpp(382,38): warning C4244: 'argument': conversion from 'T' to 'float', possible loss of data
D:\PongGame\PongGame.cpp(382,38): warning C4244:         with
D:\PongGame\PongGame.cpp(382,38): warning C4244:         [
D:\PongGame\PongGame.cpp(382,38): warning C4244:             T=unsigned int
D:\PongGame\PongGame.cpp(382,38): warning C4244:         ]
D:\PongGame\PongGame.cpp(386,43): warning C4305: 'argument': truncation from 'double' to 'T'
D:\PongGame\PongGame.cpp(386,43): warning C4305:         with
D:\PongGame\PongGame.cpp(386,43): warning C4305:         [
D:\PongGame\PongGame.cpp(386,43): warning C4305:             T=float
D:\PongGame\PongGame.cpp(386,43): warning C4305:         ]
D:\PongGame\PongGame.cpp(386,31): warning C4305: 'argument': truncation from 'double' to 'T'
D:\PongGame\PongGame.cpp(386,31): warning C4305:         with
D:\PongGame\PongGame.cpp(386,31): warning C4305:         [
D:\PongGame\PongGame.cpp(386,31): warning C4305:             T=float
D:\PongGame\PongGame.cpp(386,31): warning C4305:         ]
D:\PongGame\PongGame.cpp(452,64): warning C4244: 'argument': conversion from 'T' to 'float', possible loss of data
D:\PongGame\PongGame.cpp(452,64): warning C4244:         with
D:\PongGame\PongGame.cpp(452,64): warning C4244:         [
D:\PongGame\PongGame.cpp(452,64): warning C4244:             T=unsigned int
D:\PongGame\PongGame.cpp(452,64): warning C4244:         ]
D:\PongGame\PongGame.cpp(452,40): warning C4244: 'argument': conversion from 'T' to 'float', possible loss of data
D:\PongGame\PongGame.cpp(452,40): warning C4244:         with
D:\PongGame\PongGame.cpp(452,40): warning C4244:         [
D:\PongGame\PongGame.cpp(452,40): warning C4244:             T=unsigned int
D:\PongGame\PongGame.cpp(452,40): warning C4244:         ]
D:\PongGame\PongGame.cpp(453,22): warning C4305: '=': truncation from 'double' to 'T'
D:\PongGame\PongGame.cpp(453,22): warning C4305:         with
D:\PongGame\PongGame.cpp(453,22): warning C4305:         [
D:\PongGame\PongGame.cpp(453,22): warning C4305:             T=float
D:\PongGame\PongGame.cpp(453,22): warning C4305:         ]
D:\PongGame\PongGame.cpp(454,22): warning C4305: '=': truncation from 'double' to 'T'
D:\PongGame\PongGame.cpp(454,22): warning C4305:         with
D:\PongGame\PongGame.cpp(454,22): warning C4305:         [
D:\PongGame\PongGame.cpp(454,22): warning C4305:             T=float
D:\PongGame\PongGame.cpp(454,22): warning C4305:         ]
D:\PongGame\PongGame.cpp(460,64): warning C4244: 'argument': conversion from 'T' to 'float', possible loss of data
D:\PongGame\PongGame.cpp(460,64): warning C4244:         with
D:\PongGame\PongGame.cpp(460,64): warning C4244:         [
D:\PongGame\PongGame.cpp(460,64): warning C4244:             T=unsigned int
D:\PongGame\PongGame.cpp(460,64): warning C4244:         ]
D:\PongGame\PongGame.cpp(460,40): warning C4244: 'argument': conversion from 'T' to 'float', possible loss of data
D:\PongGame\PongGame.cpp(460,40): warning C4244:         with
D:\PongGame\PongGame.cpp(460,40): warning C4244:         [
D:\PongGame\PongGame.cpp(460,40): warning C4244:             T=unsigned int
D:\PongGame\PongGame.cpp(460,40): warning C4244:         ]
D:\PongGame\PongGame.cpp(461,22): warning C4305: '=': truncation from 'double' to 'T'
D:\PongGame\PongGame.cpp(461,22): warning C4305:         with
D:\PongGame\PongGame.cpp(461,22): warning C4305:         [
D:\PongGame\PongGame.cpp(461,22): warning C4305:             T=float
D:\PongGame\PongGame.cpp(461,22): warning C4305:         ]
D:\PongGame\PongGame.cpp(462,22): warning C4305: '=': truncation from 'double' to 'T'
D:\PongGame\PongGame.cpp(462,22): warning C4305:         with
D:\PongGame\PongGame.cpp(462,22): warning C4305:         [
D:\PongGame\PongGame.cpp(462,22): warning C4305:             T=float
D:\PongGame\PongGame.cpp(462,22): warning C4305:         ]
D:\PongGame\PongGame.cpp(468,64): warning C4244: 'argument': conversion from 'T' to 'float', possible loss of data
D:\PongGame\PongGame.cpp(468,64): warning C4244:         with
D:\PongGame\PongGame.cpp(468,64): warning C4244:         [
D:\PongGame\PongGame.cpp(468,64): warning C4244:             T=unsigned int
D:\PongGame\PongGame.cpp(468,64): warning C4244:         ]
D:\PongGame\PongGame.cpp(468,40): warning C4244: 'argument': conversion from 'T' to 'float', possible loss of data
D:\PongGame\PongGame.cpp(468,40): warning C4244:         with
D:\PongGame\PongGame.cpp(468,40): warning C4244:         [
D:\PongGame\PongGame.cpp(468,40): warning C4244:             T=unsigned int
D:\PongGame\PongGame.cpp(468,40): warning C4244:         ]
D:\PongGame\PongGame.cpp(469,22): warning C4305: '=': truncation from 'double' to 'T'
D:\PongGame\PongGame.cpp(469,22): warning C4305:         with
D:\PongGame\PongGame.cpp(469,22): warning C4305:         [
D:\PongGame\PongGame.cpp(469,22): warning C4305:             T=float
D:\PongGame\PongGame.cpp(469,22): warning C4305:         ]
D:\PongGame\PongGame.cpp(470,22): warning C4305: '=': truncation from 'double' to 'T'
D:\PongGame\PongGame.cpp(470,22): warning C4305:         with
D:\PongGame\PongGame.cpp(470,22): warning C4305:         [
D:\PongGame\PongGame.cpp(470,22): warning C4305:             T=float
D:\PongGame\PongGame.cpp(470,22): warning C4305:         ]
  Generating code
  Previous IPDB and IOBJ mismatch, fall back to full compilation.
  All 138 functions were compiled because no usable IPDB/IOBJ from previous compilation was found.
  Finished generating code
  PongGame.vcxproj -> D:\PongGame\x64\Release\PongGame.exe
  'pwsh.exe' is not recognized as an internal or external command,
  operable program or batch file.
  
   Log File : D:\PongGame\robocopy_log.txt
